<?xml version="1.0" encoding="UTF-8"?>
<!-- Generated by org.testng.reporters.JUnitReportReporter -->
<testsuite hostname="LAPTOP-PDKAF0Q8" failures="0" tests="2" name="testcases.loginTestPage" time="0.000" errors="0" timestamp="2022-01-10T21:27:05 GST" skipped="2">
  <testcase classname="testcases.loginTestPage" name="verifylogin" time="0.000">
    <skipped/>
  </testcase> <!-- verifylogin -->
  <system-out/>
  <testcase classname="testcases.loginTestPage" name="verifylogin" time="0.000">
    <skipped/>
  </testcase> <!-- verifylogin -->
  <system-out/>
</testsuite> <!-- testcases.loginTestPage -->
