<?xml version="1.0" encoding="UTF-8"?>
<!-- Generated by org.testng.reporters.JUnitReportReporter -->
<testsuite hostname="LAPTOP-PDKAF0Q8" failures="0" tests="1" name="testcases.homePageTest" time="9.923" errors="0" timestamp="2022-01-11T01:34:41 GST" skipped="0">
  <testcase classname="testcases.homePageTest" name="orderHistry" time="9.923"/>
  <system-out/>
</testsuite> <!-- testcases.homePageTest -->
