<?xml version="1.0" encoding="UTF-8"?>
<!-- Generated by org.testng.reporters.JUnitReportReporter -->
<testsuite hostname="LAPTOP-PDKAF0Q8" failures="0" tests="1" name="testcases.orderPageTest" time="12.620" errors="0" timestamp="2022-01-04T01:00:09 GST" skipped="0">
  <testcase classname="testcases.orderPageTest" name="verfytotalprice" time="12.620"/>
  <system-out/>
</testsuite> <!-- testcases.orderPageTest -->
